<?xml version="1.0" encoding="UTF-8"?>
<testng-results ignored="0" total="3" passed="3" failed="0" skipped="0">
  <reporter-output>
  </reporter-output>
  <suite started-at="2024-02-06T15:17:38 IST" name="Default suite" finished-at="2024-02-06T15:17:41 IST" duration-ms="2506">
    <groups>
    </groups>
    <test started-at="2024-02-06T15:17:38 IST" name="Default test" finished-at="2024-02-06T15:17:41 IST" duration-ms="2506">
      <class name="files.DynamicJson">
        <test-method signature="addBook(java.lang.String,java.lang.String)[pri:0, instance:files.DynamicJson@4fb0f2b9]" started-at="2024-02-06T15:17:38 IST" name="addBook" data-provider="BooksData" finished-at="2024-02-06T15:17:41 IST" duration-ms="2199" status="PASS">
          <params>
            <param index="0">
              <value>
                <![CDATA[rubys]]>
              </value>
            </param>
            <param index="1">
              <value>
                <![CDATA[6827]]>
              </value>
            </param>
          </params>
          <reporter-output>
          </reporter-output>
        </test-method> <!-- addBook -->
        <test-method signature="addBook(java.lang.String,java.lang.String)[pri:0, instance:files.DynamicJson@4fb0f2b9]" started-at="2024-02-06T15:17:41 IST" name="addBook" data-provider="BooksData" finished-at="2024-02-06T15:17:41 IST" duration-ms="141" status="PASS">
          <params>
            <param index="0">
              <value>
                <![CDATA[wfea]]>
              </value>
            </param>
            <param index="1">
              <value>
                <![CDATA[6482]]>
              </value>
            </param>
          </params>
          <reporter-output>
          </reporter-output>
        </test-method> <!-- addBook -->
        <test-method signature="addBook(java.lang.String,java.lang.String)[pri:0, instance:files.DynamicJson@4fb0f2b9]" started-at="2024-02-06T15:17:41 IST" name="addBook" data-provider="BooksData" finished-at="2024-02-06T15:17:41 IST" duration-ms="104" status="PASS">
          <params>
            <param index="0">
              <value>
                <![CDATA[gdcv]]>
              </value>
            </param>
            <param index="1">
              <value>
                <![CDATA[1837]]>
              </value>
            </param>
          </params>
          <reporter-output>
          </reporter-output>
        </test-method> <!-- addBook -->
      </class> <!-- files.DynamicJson -->
    </test> <!-- Default test -->
  </suite> <!-- Default suite -->
</testng-results>
